  C++大作业2.cpp
  StudentFunction.cpp
  TeacherFunction.cpp
c:\panpanpan\_program\c++大作业2\c++大作业2\teacherfunction.cpp(32): warning C4018: “<”: 有符号/无符号不匹配
c:\panpanpan\_program\c++大作业2\c++大作业2\teacherfunction.cpp(35): warning C4018: “<”: 有符号/无符号不匹配
c:\panpanpan\_program\c++大作业2\c++大作业2\teacherfunction.cpp(71): warning C4244: “参数”: 从“double”转换到“int”，可能丢失数据
c:\panpanpan\_program\c++大作业2\c++大作业2\teacherfunction.cpp(72): warning C4018: “<”: 有符号/无符号不匹配
c:\panpanpan\_program\c++大作业2\c++大作业2\teacherfunction.cpp(73): warning C4244: “参数”: 从“double”转换到“int”，可能丢失数据
c:\panpanpan\_program\c++大作业2\c++大作业2\teacherfunction.cpp(170): warning C4244: “参数”: 从“double”转换到“int”，可能丢失数据
c:\panpanpan\_program\c++大作业2\c++大作业2\teacherfunction.cpp(171): warning C4244: “参数”: 从“double”转换到“int”，可能丢失数据
c:\panpanpan\_program\c++大作业2\c++大作业2\teacherfunction.cpp(258): warning C4018: “<”: 有符号/无符号不匹配
c:\panpanpan\_program\c++大作业2\c++大作业2\teacherfunction.cpp(388): warning C4018: “<”: 有符号/无符号不匹配
c:\panpanpan\_program\c++大作业2\c++大作业2\teacherfunction.cpp(133): warning C4018: “<”: 有符号/无符号不匹配
  c:\panpanpan\_program\c++大作业2\c++大作业2\teacherfunction.cpp(166): note: 参见对正在编译的函数 模板 实例化“int Find<std::string>(std::vector<Student,std::allocator<_Ty>> &,T,T)”的引用
          with
          [
              _Ty=Student,
              T=std::string
          ]
  正在生成代码...
c:\panpanpan\_program\c++大作业2\c++大作业2\studentfunction.cpp(56): warning C4715: “Student::get”: 不是所有的控件路径都返回值
c:\panpanpan\_program\c++大作业2\c++大作业2\studentfunction.cpp(64): warning C4715: “Student::get”: 不是所有的控件路径都返回值
  C++大作业2.vcxproj -> C:\PANPANPAN\_Program\C++大作业2\Debug\C++大作业2.exe
